<?xml version="1.0" encoding="utf-8"?><testsuites name="pytest tests"><testsuite name="pytest" errors="0" failures="0" skipped="1" tests="159" time="138.398" timestamp="2026-07-23T18:25:47.718156+08:00" hostname="MSI"><testcase classname="" name="tests.test_faiss_persistence" time="0.000"><skipped message="collection skipped">('D:\\project-edumatrix\\edumatrix-main\\tests\\test_faiss_persistence.py', 9, 'Skipped: FAISS is an optional acceleration dependency')</skipped></testcase><testcase classname="tests.test_animation_integration.TestAnimationResources" name="test_animation_for_specific_knowledge" time="0.039" /><testcase classname="tests.test_animation_integration.TestAnimationResources" name="test_animation_list_api" time="0.065" /><testcase classname="tests.test_animation_integration.TestAnimationResources" name="test_animations_directory_exists" time="0.001" /><testcase classname="tests.test_animation_integration.TestAnimationResources" name="test_knowledge_points_with_videos" time="0.071" /><testcase classname="tests.test_animation_integration.TestAnimationResources" name="test_search_animation_by_query" time="0.003" /><testcase classname="tests.test_animation_integration.TestAnimationResources" name="test_video_files_are_valid" time="0.020" /><testcase classname="tests.test_animation_integration.TestKnowledgeIntegration" name="test_cross_search_for_animation_topics" time="3.827" /><testcase classname="tests.test_animation_integration.TestKnowledgeIntegration" name="test_document_parser_visual_functions" time="0.001" /><testcase classname="tests.test_animation_integration.TestKnowledgeIntegration" name="test_graph_contains_animation_knowledge" time="0.265" /><testcase classname="tests.test_animation_integration.TestKnowledgeIntegration" name="test_knowledge_api_imports" time="0.141" /><testcase classname="tests.test_animation_integration.TestKnowledgeIntegration" name="test_multimodal_alignment_with_ml_concepts" time="0.001" /><testcase classname="tests.test_animation_integration.TestEndToEndUploadAndGraph" name="test_full_integration_animation_to_rag" time="0.233" /><testcase classname="tests.test_animation_integration.TestEndToEndUploadAndGraph" name="test_graph_build_from_ml_text" time="0.214" /><testcase classname="tests.test_animation_integration.TestEndToEndUploadAndGraph" name="test_pdf_visual_parsing_pipeline" time="0.003" /><testcase classname="tests.test_goal_recommendations.TestGoalRecommendations" name="test_goal_recommendations_endpoint" time="0.968" /><testcase classname="tests.test_graph_builder.TestLevenshtein" name="test_identical_strings" time="0.001" /><testcase classname="tests.test_graph_builder.TestLevenshtein" name="test_empty_string" time="0.001" /><testcase classname="tests.test_graph_builder.TestLevenshtein" name="test_insertion" time="0.001" /><testcase classname="tests.test_graph_builder.TestLevenshtein" name="test_deletion" time="0.001" /><testcase classname="tests.test_graph_builder.TestLevenshtein" name="test_ratio_identical" time="0.001" /><testcase classname="tests.test_graph_builder.TestLevenshtein" name="test_ratio_similar" time="0.001" /><testcase classname="tests.test_graph_builder.TestEntityAlignment" name="test_exact_key_match" time="0.001" /><testcase classname="tests.test_graph_builder.TestEntityAlignment" name="test_exact_value_match" time="0.001" /><testcase classname="tests.test_graph_builder.TestEntityAlignment" name="test_levenshtein_fuzzy_match" time="0.003" /><testcase classname="tests.test_graph_builder.TestEntityAlignment" name="test_fallback_unknown_entity" time="0.007" /><testcase classname="tests.test_graph_builder.TestEntityAlignment" name="test_empty_string_fallback" time="0.001" /><testcase classname="tests.test_graph_builder.TestTripletExtraction" name="test_parse_llm_json" time="0.001" /><testcase classname="tests.test_graph_builder.TestTripletExtraction" name="test_parse_llm_with_surrounding_text" time="0.001" /><testcase classname="tests.test_graph_builder.TestTripletExtraction" name="test_rule_based_extraction" time="0.001" /><testcase classname="tests.test_graph_builder.TestTripletExtraction" name="test_rule_based_prerequisite" time="0.001" /><testcase classname="tests.test_graph_builder.TestInMemoryGraphRepository" name="test_merge_and_query" time="0.001" /><testcase classname="tests.test_graph_builder.TestGraphBuilder" name="test_build_from_text" time="0.018" /><testcase classname="tests.test_graph_builder.TestGraphBuilder" name="test_build_from_chunks_with_llm_json" time="0.001" /><testcase classname="tests.test_graph_builder.TestGraphBuilder" name="test_alignment_rate_90_percent" time="0.007" /><testcase classname="tests.test_graph_builder.TestGraphBuilder" name="test_seed_default_graph" time="0.196" /><testcase classname="tests.test_graph_builder.TestLatexSemantic" name="test_fraction" time="0.001" /><testcase classname="tests.test_graph_builder.TestLatexSemantic" name="test_sum" time="0.001" /><testcase classname="tests.test_graph_builder.TestLatexSemantic" name="test_integral" time="0.001" /><testcase classname="tests.test_graph_builder.TestLatexSemantic" name="test_empty" time="0.001" /><testcase classname="tests.test_graph_builder.TestExtractedFormula" name="test_enhanced_text" time="0.001" /><testcase classname="tests.test_graph_builder.TestFormulaExtractor" name="test_extract_from_text" time="0.001" /><testcase classname="tests.test_graph_builder.TestFormulaExtractor" name="test_formula_to_evidence" time="0.001" /><testcase classname="tests.test_graph_builder.TestDualTrackEmbedding" name="test_encode_dual_track" time="0.002" /><testcase classname="tests.test_graph_builder.TestInMemoryFormulaStore" name="test_upsert_and_search" time="0.001" /><testcase classname="tests.test_graph_builder.TestFormulaRAG" name="test_index_and_search" time="0.001" /><testcase classname="tests.test_graph_builder.TestFormulaRAG" name="test_search_as_evidence" time="0.001" /><testcase classname="tests.test_graph_builder.TestFormulaRAG" name="test_index_from_text" time="0.002" /><testcase classname="tests.test_graph_builder.TestFormulaRAG" name="test_seed_formula_index" time="0.008" /><testcase classname="tests.test_graph_builder.TestFormulaRAG" name="test_formula_recall_cosine_threshold" time="0.002" /><testcase classname="tests.test_hallucination_prevention.TestHallucinationPrevention" name="test_low_confidence_blocking" time="11.897" /><testcase classname="tests.test_hallucination_prevention.TestHallucinationPrevention" name="test_out_of_domain_graceful_degradation" time="7.206" /><testcase classname="tests.test_hardening.TestHardening" name="test_async_debate_does_not_nest_event_loop" time="0.002" /><testcase classname="tests.test_hardening.TestHardening" name="test_deterministic_acceptance_header_uses_local_llm" time="0.001" /><testcase classname="tests.test_hardening.TestHardening" name="test_mirt_extreme_values_are_bounded" time="0.001" /><testcase classname="tests.test_hardening.TestHardening" name="test_pptx_page_and_archive_limits" time="0.003" /><testcase classname="tests.test_hardening.TestHardening" name="test_ttl_cache_expires_and_evicts_lru" time="0.001" /><testcase classname="tests.test_hardening.TestTrustedLocalSandbox" name="test_status_identifies_research_mode_without_container_isolation" time="0.002" /><testcase classname="tests.test_hardening.TestTrustedLocalSandbox" name="test_trusted_local_caps_output" time="0.542" /><testcase classname="tests.test_hardening.TestTrustedLocalSandbox" name="test_trusted_local_executes_safe_python" time="0.434" /><testcase classname="tests.test_hardening.TestTrustedLocalSandbox" name="test_trusted_local_kills_timeout" time="0.523" /><testcase classname="tests.test_hardening.TestTrustedLocalSandbox" name="test_trusted_local_rejects_os_import_before_execution" time="0.002" /><testcase classname="tests.test_m0_baseline_contracts" name="test_m0_course_manifest_hashes_and_markdown_ingestion" time="0.003" /><testcase classname="tests.test_m0_baseline_contracts" name="test_m0_baseline_profiles_are_three_distinct_synthetic_cases" time="0.001" /><testcase classname="tests.test_m0_baseline_contracts" name="test_m0_core_knowledge_point_denominator_is_frozen_and_unique" time="0.001" /><testcase classname="tests.test_m0_baseline_contracts" name="test_m0_evaluation_suite_has_sixty_nonduplicate_cases_and_balanced_domains" time="0.001" /><testcase classname="tests.test_m0_baseline_contracts" name="test_m0_competitor_matrix_maps_all_412_rows_without_unresolved_reviews" time="0.006" /><testcase classname="tests.test_m0_course_catalog" name="test_m0_course_bundle_matches_manifest_and_has_nine_ordered_documents" time="0.003" /><testcase classname="tests.test_m0_course_catalog" name="test_m0_course_database_seed_is_idempotent" time="0.018" /><testcase classname="tests.test_m0_course_catalog" name="test_published_course_is_visible_to_new_student_and_read_only" time="0.250" /><testcase classname="tests.test_m0_course_catalog" name="test_course_rag_evidence_is_public_without_exposing_private_evidence" time="0.003" /><testcase classname="tests.test_m0_course_catalog" name="test_frozen_course_question_returns_locatable_course_evidence" time="0.011" /><testcase classname="tests.test_m0_course_catalog" name="test_learning_path_graph_metadata_preserves_course_and_document_identity" time="0.012" /><testcase classname="tests.test_m0_course_catalog" name="test_learning_path_api_exposes_the_same_course_and_document_ids" time="0.416" /><testcase classname="tests.test_m0_course_catalog" name="test_course_upsert_does_not_touch_legacy_knowledge_documents" time="0.020" /><testcase classname="tests.test_member3_cross_modal.TestCrossModalAlignment" name="test_align_batch_registers_pairs" time="0.240" /><testcase classname="tests.test_member3_cross_modal.TestCrossModalAlignment" name="test_aligner_initializes_with_seed_data" time="0.001" /><testcase classname="tests.test_member3_cross_modal.TestCrossModalAlignment" name="test_calibrate_reduces_loss" time="3.006" /><testcase classname="tests.test_member3_cross_modal.TestCrossModalAlignment" name="test_calibrated_search_returns_different_scores" time="1.010" /><testcase classname="tests.test_member3_cross_modal.TestCrossModalAlignment" name="test_cosine_similarity_range" time="0.002" /><testcase classname="tests.test_member3_cross_modal.TestCrossModalAlignment" name="test_formula_search_returns_results" time="0.596" /><testcase classname="tests.test_member3_cross_modal.TestCrossModalAlignment" name="test_projection_head_output_shape" time="0.003" /><testcase classname="tests.test_member3_cross_modal.TestCrossModalAlignment" name="test_register_and_search_new_pair" time="0.644" /><testcase classname="tests.test_member3_cross_modal.TestCrossModalAlignment" name="test_register_pair_does_not_invalidate_calibration" time="0.382" /><testcase classname="tests.test_member3_cross_modal.TestCrossModalAlignment" name="test_save_and_load_cycle" time="0.015" /><testcase classname="tests.test_member3_cross_modal.TestCrossModalAlignment" name="test_save_load_preserves_calibration" time="0.706" /><testcase classname="tests.test_member3_cross_modal.TestCrossModalAlignment" name="test_search_empty_query" time="0.001" /><testcase classname="tests.test_member3_cross_modal.TestCrossModalAlignment" name="test_singleton_same_instance" time="0.001" /><testcase classname="tests.test_member3_cross_modal.TestCrossModalAlignment" name="test_text_search_returns_results" time="0.571" /><testcase classname="tests.test_member3_graph_growth.TestIncrementalGraphGrowth" name="test_build_from_chunks_rule_based" time="0.068" /><testcase classname="tests.test_member3_graph_growth.TestIncrementalGraphGrowth" name="test_create_graph_repository_fallback" time="0.001" /><testcase classname="tests.test_member3_graph_growth.TestIncrementalGraphGrowth" name="test_entity_alignment_exact_match" time="0.001" /><testcase classname="tests.test_member3_graph_growth.TestIncrementalGraphGrowth" name="test_entity_alignment_levenshtein" time="0.008" /><testcase classname="tests.test_member3_graph_growth.TestIncrementalGraphGrowth" name="test_graph_builder_initializes" time="0.001" /><testcase classname="tests.test_member3_graph_growth.TestIncrementalGraphGrowth" name="test_graph_builder_with_ml_course_text" time="0.038" /><testcase classname="tests.test_member3_graph_growth.TestIncrementalGraphGrowth" name="test_graph_stats_endpoint" time="0.199" /><testcase classname="tests.test_member3_graph_growth.TestIncrementalGraphGrowth" name="test_query_prerequisites" time="0.001" /><testcase classname="tests.test_member3_graph_growth.TestIncrementalGraphGrowth" name="test_repository_counts_accurate" time="0.001" /><testcase classname="tests.test_member3_graph_growth.TestIncrementalGraphGrowth" name="test_seed_graph_creates_edges" time="0.165" /><testcase classname="tests.test_member3_graph_growth.TestSentenceDiffAndIngestion" name="test_build_graph_after_upload_integration" time="0.010" /><testcase classname="tests.test_member3_graph_growth.TestSentenceDiffAndIngestion" name="test_incremental_upload_only_processes_diff" time="0.003" /><testcase classname="tests.test_member3_graph_growth.TestSentenceDiffAndIngestion" name="test_sentence_diff_filters_short_sentences" time="0.001" /><testcase classname="tests.test_member3_graph_growth.TestSentenceDiffAndIngestion" name="test_sentence_diff_first_upload" time="0.001" /><testcase classname="tests.test_member3_graph_growth.TestSentenceDiffAndIngestion" name="test_sentence_diff_no_change" time="0.001" /><testcase classname="tests.test_member3_graph_growth.TestSentenceDiffAndIngestion" name="test_sentence_diff_only_new_sentences" time="0.001" /><testcase classname="tests.test_member3_visual_rag.TestVisualDocumentRAG" name="test_describe_image_fallback_no_vision_llm" time="0.050" /><testcase classname="tests.test_member3_visual_rag.TestVisualDocumentRAG" name="test_empty_pdf_no_pages" time="0.002" /><testcase classname="tests.test_member3_visual_rag.TestVisualDocumentRAG" name="test_parse_pdf_visually_returns_evidence" time="0.003" /><testcase classname="tests.test_member3_visual_rag.TestVisualDocumentRAG" name="test_render_corrupt_pdf_graceful" time="0.002" /><testcase classname="tests.test_member3_visual_rag.TestVisualDocumentRAG" name="test_render_pdf_invalid_dpi_handling" time="0.002" /><testcase classname="tests.test_member3_visual_rag.TestVisualDocumentRAG" name="test_render_pdf_pages_to_images" time="0.003" /><testcase classname="tests.test_member3_visual_rag.TestVisualDocumentRAG" name="test_vision_check_cached" time="0.001" /><testcase classname="tests.test_member6_refactoring.Member6RefactorTests" name="test_evaluate_endpoint_sandbox_autograding_and_mirt_vectors" time="1.668" /><testcase classname="tests.test_member6_refactoring.Member6RefactorTests" name="test_irt_parameter_estimation_correct_direction" time="0.002" /><testcase classname="tests.test_member6_refactoring.Member6RefactorTests" name="test_item_bank_seeded_successfully" time="0.004" /><testcase classname="tests.test_member6_refactoring.Member6RefactorTests" name="test_mcmc_calibration" time="0.004" /><testcase classname="tests.test_member6_refactoring.Member6RefactorTests" name="test_mirt_3d_estimation" time="0.002" /><testcase classname="tests.test_member6_refactoring.Member6RefactorTests" name="test_mirt_covariance_matrix_update" time="0.001" /><testcase classname="tests.test_member6_refactoring.Member6RefactorTests" name="test_run_endpoint_50kb_dos_interception" time="0.014" /><testcase classname="tests.test_member6_refactoring.Member6RefactorTests" name="test_sandbox_ast_blocks_reflection_and_eval" time="0.007" /><testcase classname="tests.test_member6_refactoring.Member6RefactorTests" name="test_sandbox_hardened_ast_blocks_indirect_system_calls" time="0.004" /><testcase classname="tests.test_member6_refactoring.Member6RefactorTests" name="test_sandbox_security_blocks_unsafe_imports" time="0.564" /><testcase classname="tests.test_multimodal_chat.TestMultimodalChat" name="test_casual_chat_non_academic" time="7.872" /><testcase classname="tests.test_multimodal_chat.TestMultimodalChat" name="test_chat_multi_turn_memory" time="32.161" /><testcase classname="tests.test_multimodal_chat.TestMultimodalChat" name="test_deepseek_multimodal_fallback_routing" time="0.256" /><testcase classname="tests.test_multimodal_chat.TestMultimodalChat" name="test_deepseek_multimodal_fallback_warning" time="0.247" /><testcase classname="tests.test_multimodal_chat.TestMultimodalChat" name="test_matrix_command_shortcut" time="43.328" /><testcase classname="tests.test_multimodal_chat.TestMultimodalChat" name="test_multimodal_homework_qa_socratic" time="11.157" /><testcase classname="tests.test_multimodal_chat.TestMultimodalChat" name="test_vision_connection_endpoint_warns_without_external_model" time="0.268" /><testcase classname="tests.test_multimodal_chat.TestMultimodalChat" name="test_visual_only_settings_are_not_dropped" time="0.252" /><testcase classname="tests.test_recommendation_engine.TestRecommendationEngine" name="test_cognitive_matrix_and_personalized_outlines" time="0.254" /><testcase classname="tests.test_recommendation_engine.TestRecommendationEngine" name="test_get_recommendations_cold_start" time="0.261" /><testcase classname="tests.test_recommendation_engine.TestRecommendationEngine" name="test_modality_boosting_for_coding_preference" time="0.267" /><testcase classname="tests.test_recommendation_engine.TestRecommendationEngine" name="test_modality_boosting_for_visual_preference" time="0.264" /><testcase classname="tests.test_recommendation_engine.TestRecommendationEngine" name="test_recommendation_api_endpoint" time="0.274" /><testcase classname="tests.test_rl_planner.TestRLPathPlanner" name="test_state_discretization" time="0.001" /><testcase classname="tests.test_rl_planner.TestRLPathPlanner" name="test_reward_computation" time="0.001" /><testcase classname="tests.test_rl_planner.TestRLPathPlanner" name="test_q_table_updates_and_greedy_actions" time="0.001" /><testcase classname="tests.test_rl_planner.TestRLPathPlanner" name="test_persistence_integration" time="0.009" /><testcase classname="tests.test_runtime_launcher" name="test_one_click_launcher_uses_project_venv_and_preflight" time="0.001" /><testcase classname="tests.test_runtime_launcher" name="test_runtime_preflight_requires_project_venv" time="0.001" /><testcase classname="tests.test_runtime_launcher" name="test_code_execution_uses_backend_interpreter" time="0.001" /><testcase classname="tests.test_runtime_launcher" name="test_algorithm_worker_pool_uses_backend_interpreter" time="0.001" /><testcase classname="tests.test_runtime_launcher" name="test_windows_spawn_worker_inherits_project_interpreter" time="0.176" /><testcase classname="tests.test_security_contracts.TestSecurityContracts" name="test_body_identity_is_resolved_for_core_routes" time="0.003" /><testcase classname="tests.test_security_contracts.TestSecurityContracts" name="test_demo_auth_requires_explicit_flag" time="0.001" /><testcase classname="tests.test_security_contracts.TestSecurityContracts" name="test_frontend_clears_stale_auth_after_401" time="0.001" /><testcase classname="tests.test_security_contracts.TestSecurityContracts" name="test_mutations_filter_by_owner" time="0.012" /><testcase classname="tests.test_security_contracts.TestSecurityContracts" name="test_production_auth_secret_cannot_use_placeholder" time="0.001" /><testcase classname="tests.test_security_contracts.TestSecurityContracts" name="test_remote_download_is_chunk_limited" time="0.001" /><testcase classname="tests.test_security_contracts.TestSecurityContracts" name="test_sandbox_does_not_fallback_to_host_process" time="0.001" /><testcase classname="tests.test_security_contracts.TestSecurityContracts" name="test_student_scope_is_server_side" time="0.003" /><testcase classname="tests.test_security_contracts.TestSecurityContracts" name="test_student_scope_rejects_cross_user_requests" time="0.001" /><testcase classname="tests.test_security_contracts.TestSecurityContracts" name="test_upload_has_bounded_read" time="0.001" /><testcase classname="tests.test_security_contracts.TestSecurityContracts" name="test_user_rag_requires_owner_filter" time="0.001" /><testcase classname="tests.test_swarm_runtime.TestSwarmRuntime" name="test_academic_input_returns_five_resource_package" time="0.020" /><testcase classname="tests.test_swarm_runtime.TestSwarmRuntime" name="test_non_academic_guard_returns_valid_learning_signal" time="0.002" /><testcase classname="tests.test_visual_output" name="test_three_dimensional_visual_output_is_not_text_truncated" time="1.989" /><testcase classname="tests.test_visual_output" name="test_visual_output_has_a_separate_transport_channel" time="0.001" /></testsuite></testsuites>